 =======================================================================================================================
       _/     _/                _/     _/            _/     _/
      _/     _/            _/  _/|  _/_/            _/     _/  _/  _/        UniMoVib:          A unified interface for
     _/     _/   _/_/_/       _/ |_/ _/   _/_/_/   _/     _/      _/           molecular harmonic vibrational frequency
    _/     _/  _/    _/  _/  _/  _/ _/  _/    _/  _/     _/  _/  _/_/_/        calculations.
   _/     _/  _/    _/  _/  _/     _/  _/    _/  _/    _/   _/  _/   _/
  _/     _/  _/    _/  _/  _/     _/  _/    _/   _/  _/    _/  _/   _/       Ver. 1.4.1, May 02, 2021
   _/_/_/   _/    _/  _/  _/     _/   _/_/_/     _/_/     _/  _/_/_/         https://github.com/zorkzou/UniMoVib
 =======================================================================================================================


 QC Program:      MOLPRO
 FCHK file:       ch4.out


 Cartesian coordinates (Angstrom)
 ------------------------------------------------------------------------------------------
   No.   Atom    ZA                 X             Y             Z                Mass
 ------------------------------------------------------------------------------------------
     1    C       6            0.00000000    0.00000000    0.00000000           12.01100000
     2    H       1            0.89808196    0.00000000    0.63503984            1.00794000
     3    H       1           -0.89808196    0.00000000    0.63503984            1.00794000
     4    H       1            0.00000000    0.89808196   -0.63503984            1.00794000
     5    H       1            0.00000000   -0.89808196   -0.63503984            1.00794000
 ------------------------------------------------------------------------------------------


 <<< POINT GROUP SYMMETRY >>>
 Electronic Wavefunctions      :  Td  
 Nuclear & Total Wavefunctions :  Td  


 ************************************
 ***  Properties of Normal Modes  ***
 ************************************

 Results of vibrations:
 Normal frequencies (cm^-1), reduced masses (AMU), force constants (mDyn/A), IR intensities (km/mol)

                                                   1                                 2                                 3
          Irreps                                  T2                                T2                                T2
     Frequencies                           1309.5840                         1309.8859                         1309.8859
  Reduced masses                              1.1791                            1.1791                            1.1791
 Force constants                              1.1915                            1.1920                            1.1920
  IR intensities                             11.9794                           11.9962                           11.9962
        Atom  ZA               X         Y         Z             X         Y         Z             X         Y         Z
           1   6         0.00000   0.00000  -0.12473       0.02344  -0.12251   0.00000       0.12251   0.02344   0.00000
           2   1        -0.32868   0.00000   0.37159      -0.02615   0.59324   0.06177      -0.13668  -0.11350   0.32284
           3   1         0.32868   0.00000   0.37159      -0.02615   0.59324  -0.06177      -0.13668  -0.11350  -0.32284
           4   1         0.00000   0.32868   0.37159      -0.11350   0.13668   0.32284      -0.59324  -0.02615  -0.06177
           5   1         0.00000  -0.32868   0.37159      -0.11350   0.13668  -0.32284      -0.59324  -0.02615   0.06177

                                                   4                                 5                                 6
          Irreps                                   E                                 E                                A1
     Frequencies                           1530.9035                         1531.1770                         3026.8891
  Reduced masses                              1.0079                            1.0079                            1.0079
 Force constants                              1.3918                            1.3923                            5.4410
  IR intensities                              0.0000                            0.0000                            0.0000
        Atom  ZA               X         Y         Z             X         Y         Z             X         Y         Z
           1   6         0.00000   0.00000   0.00000       0.00000   0.00000   0.00000       0.00000   0.00000   0.00000
           2   1         0.28867   0.00000  -0.40825       0.00000   0.50000   0.00000       0.40825   0.00000   0.28867
           3   1        -0.28867   0.00000  -0.40825       0.00000  -0.50000   0.00000      -0.40825   0.00000   0.28867
           4   1         0.00000   0.28867   0.40825       0.50000   0.00000   0.00000       0.00000   0.40825  -0.28867
           5   1         0.00000  -0.28867   0.40825      -0.50000   0.00000   0.00000       0.00000  -0.40825  -0.28867

                                                   7                                 8                                 9
          Irreps                                  T2                                T2                                T2
     Frequencies                           3148.3505                         3148.3505                         3148.3737
  Reduced masses                              1.1016                            1.1016                            1.1016
 Force constants                              6.4336                            6.4336                            6.4336
  IR intensities                             20.9298                           20.9298                           20.9271
        Atom  ZA               X         Y         Z             X         Y         Z             X         Y         Z
           1   6         0.00008   0.09228   0.00000      -0.09228   0.00008   0.00000       0.00000   0.00000   0.09227
           2   1        -0.00051   0.01861  -0.00037       0.56842   0.00002   0.41509      -0.41510   0.00000  -0.27489
           3   1        -0.00051   0.01861   0.00037       0.56842   0.00002  -0.41509       0.41510   0.00000  -0.27489
           4   1         0.00002  -0.56842   0.41509      -0.01861  -0.00051   0.00037       0.00000   0.41510  -0.27489
           5   1         0.00002  -0.56842  -0.41509      -0.01861  -0.00051  -0.00037       0.00000  -0.41510  -0.27489

 Results of translations and rotations:

                                                   1                                 2                                 3
          Irreps                                  T2                                T2                                T2
     Frequencies                             -0.5740                           -0.5740                           -0.8117
  Reduced masses                              3.2086                            3.2086                            3.2086
 Force constants                             -0.0000                           -0.0000                           -0.0000
  IR intensities                              0.0000                            0.0000                            0.0000
        Atom  ZA               X         Y         Z             X         Y         Z             X         Y         Z
           1   6         0.44721   0.00000   0.00000       0.00000   0.44721   0.00000       0.00000   0.00000   0.44721
           2   1         0.44721   0.00000   0.00000       0.00000   0.44721   0.00000       0.00000   0.00000   0.44721
           3   1         0.44721   0.00000   0.00000       0.00000   0.44721   0.00000       0.00000   0.00000   0.44721
           4   1         0.44721   0.00000   0.00000       0.00000   0.44721   0.00000       0.00000   0.00000   0.44721
           5   1         0.44721   0.00000   0.00000       0.00000   0.44721   0.00000       0.00000   0.00000   0.44721

                                                   4                                 5                                 6
          Irreps                                  T1                                T1                                T1
     Frequencies                             -1.0139                           -1.0139                           -1.6191
  Reduced masses                              1.0079                            1.0079                            1.0079
 Force constants                             -0.0000                           -0.0000                           -0.0000
  IR intensities                              0.0000                            0.0000                            0.0000
        Atom  ZA               X         Y         Z             X         Y         Z             X         Y         Z
           1   6         0.00000   0.00000   0.00000       0.00000   0.00000   0.00000       0.00000   0.00000   0.00000
           2   1         0.00000  -0.35355   0.00000       0.35355   0.00000  -0.50000       0.00000   0.50000   0.00000
           3   1         0.00000  -0.35355   0.00000       0.35355   0.00000   0.50000       0.00000  -0.50000   0.00000
           4   1         0.00000   0.35355   0.50000      -0.35355   0.00000   0.00000      -0.50000   0.00000   0.00000
           5   1         0.00000   0.35355  -0.50000      -0.35355   0.00000   0.00000       0.50000   0.00000   0.00000


 *********************************************
 ***   Thermal Contributions to Energies   ***
 *********************************************

 Molecular mass            :        16.042760    AMU
 Electronic total energy   :         0.000000    Hartree
 Scaling factor of Freq.   :         1.000000
 Tolerance of scaling      :         0.000000    cm^-1
 Rotational symmetry number:        12
 The Td   point group is used to calculate rotational entropy.

 Principal axes and moments of inertia in atomic units:
                                     1                   2                   3
     Eigenvalues --                 11.612463           11.612463           11.612463
           X                         1.000000            0.000000            0.000000
           Y                         0.000000            1.000000            0.000000
           Z                         0.000000            0.000000            1.000000

 Rotational temperatures             7.458694            7.458694            7.458694    Kelvin
 Rot. constants A, B, C              5.184058            5.184058            5.184058    cm^-1
                                   155.414158          155.414158          155.414158    GHz


 #   1    Temperature =       298.15000 Kelvin         Pressure =         1.00000 Atm
 ====================================================================================

 Thermal correction energies                              Hartree            kcal/mol
 Zero-point Energy                          :            0.044341           27.824327
 Thermal correction to Energy               :            0.047214           29.627458
 Thermal correction to Enthalpy             :            0.048159           30.219944
 Thermal correction to Gibbs Free Energy    :            0.026998           16.941294
 ====================================================================================


 UniMoVib job terminated correctly, Wed May  5 09:49:51 2021
